<<<<<<<< 44e3808bb9b03ed8bef8dac78f85d0ffffd46ffb:ece350_start/Project_Report_group60.txt
Test Report for Repo 60

Test 0 ===============================================

Description: 
Test0 Compilation & compatibility with evaluation framework ~ calls osKernelInit and printf

Observed Result:
<build failed>

Build log attached if Test0 failed to build:
11:52:26 **** Build of configuration Debug for project ece350_start ****
make -j12 all 
arm-none-eabi-gcc "../Drivers/STM32F4xx_HAL_Driver/Src/stm32f4xx_hal.c" -mcpu=cortex-m4 -std=gnu11 -g3 -DDEBUG -DUSE_HAL_DRIVER -DSTM32F401xE -c -I../Core/Inc -I../Drivers/STM32F4xx_HAL_Driver/Inc -I../Drivers/STM32F4xx_HAL_Driver/Inc/Legacy -I../Drivers/CMSIS/Device/ST/STM32F4xx/Include -I../Drivers/CMSIS/Include -O0 -ffunction-sections -fdata-sections -Wall -fstack-usage -fcyclomatic-complexity -MMD -MP -MF"Drivers/STM32F4xx_HAL_Driver/Src/stm32f4xx_hal.d" -MT"Drivers/STM32F4xx_HAL_Driver/Src/stm32f4xx_hal.o" --specs=nano.specs -mfpu=fpv4-sp-d16 -mfloat-abi=hard -mthumb -o "Drivers/STM32F4xx_HAL_Driver/Src/stm32f4xx_hal.o"
arm-none-eabi-gcc "../Drivers/STM32F4xx_HAL_Driver/Src/stm32f4xx_hal_cortex.c" -mcpu=cortex-m4 -std=gnu11 -g3 -DDEBUG -DUSE_HAL_DRIVER -DSTM32F401xE -c -I../Core/Inc -I../Drivers/STM32F4xx_HAL_Driver/Inc -I../Drivers/STM32F4xx_HAL_Driver/Inc/Legacy -I../Drivers/CMSIS/Device/ST/STM32F4xx/Include -I../Drivers/CMSIS/Include -O0 -ffunction-sections -fdata-sections -Wall -fstack-usage -fcyclomatic-complexity -MMD -MP -MF"Drivers/STM32F4xx_HAL_Driver/Src/stm32f4xx_hal_cortex.d" -MT"Drivers/STM32F4xx_HAL_Driver/Src/stm32f4xx_hal_cortex.o" --specs=nano.specs -mfpu=fpv4-sp-d16 -mfloat-abi=hard -mthumb -o "Drivers/STM32F4xx_HAL_Driver/Src/stm32f4xx_hal_cortex.o"
arm-none-eabi-gcc "../Drivers/STM32F4xx_HAL_Driver/Src/stm32f4xx_hal_dma.c" -mcpu=cortex-m4 -std=gnu11 -g3 -DDEBUG -DUSE_HAL_DRIVER -DSTM32F401xE -c -I../Core/Inc -I../Drivers/STM32F4xx_HAL_Driver/Inc -I../Drivers/STM32F4xx_HAL_Driver/Inc/Legacy -I../Drivers/CMSIS/Device/ST/STM32F4xx/Include -I../Drivers/CMSIS/Include -O0 -ffunction-sections -fdata-sections -Wall -fstack-usage -fcyclomatic-complexity -MMD -MP -MF"Drivers/STM32F4xx_HAL_Driver/Src/stm32f4xx_hal_dma.d" -MT"Drivers/STM32F4xx_HAL_Driver/Src/stm32f4xx_hal_dma.o" --specs=nano.specs -mfpu=fpv4-sp-d16 -mfloat-abi=hard -mthumb -o "Drivers/STM32F4xx_HAL_Driver/Src/stm32f4xx_hal_dma.o"
arm-none-eabi-gcc "../Drivers/STM32F4xx_HAL_Driver/Src/stm32f4xx_hal_dma_ex.c" -mcpu=cortex-m4 -std=gnu11 -g3 -DDEBUG -DUSE_HAL_DRIVER -DSTM32F401xE -c -I../Core/Inc -I../Drivers/STM32F4xx_HAL_Driver/Inc -I../Drivers/STM32F4xx_HAL_Driver/Inc/Legacy -I../Drivers/CMSIS/Device/ST/STM32F4xx/Include -I../Drivers/CMSIS/Include -O0 -ffunction-sections -fdata-sections -Wall -fstack-usage -fcyclomatic-complexity -MMD -MP -MF"Drivers/STM32F4xx_HAL_Driver/Src/stm32f4xx_hal_dma_ex.d" -MT"Drivers/STM32F4xx_HAL_Driver/Src/stm32f4xx_hal_dma_ex.o" --specs=nano.specs -mfpu=fpv4-sp-d16 -mfloat-abi=hard -mthumb -o "Drivers/STM32F4xx_HAL_Driver/Src/stm32f4xx_hal_dma_ex.o"
arm-none-eabi-gcc "../Drivers/STM32F4xx_HAL_Driver/Src/stm32f4xx_hal_exti.c" -mcpu=cortex-m4 -std=gnu11 -g3 -DDEBUG -DUSE_HAL_DRIVER -DSTM32F401xE -c -I../Core/Inc -I../Drivers/STM32F4xx_HAL_Driver/Inc -I../Drivers/STM32F4xx_HAL_Driver/Inc/Legacy -I../Drivers/CMSIS/Device/ST/STM32F4xx/Include -I../Drivers/CMSIS/Include -O0 -ffunction-sections -fdata-sections -Wall -fstack-usage -fcyclomatic-complexity -MMD -MP -MF"Drivers/STM32F4xx_HAL_Driver/Src/stm32f4xx_hal_exti.d" -MT"Drivers/STM32F4xx_HAL_Driver/Src/stm32f4xx_hal_exti.o" --specs=nano.specs -mfpu=fpv4-sp-d16 -mfloat-abi=hard -mthumb -o "Drivers/STM32F4xx_HAL_Driver/Src/stm32f4xx_hal_exti.o"
arm-none-eabi-gcc "../Drivers/STM32F4xx_HAL_Driver/Src/stm32f4xx_hal_flash.c" -mcpu=cortex-m4 -std=gnu11 -g3 -DDEBUG -DUSE_HAL_DRIVER -DSTM32F401xE -c -I../Core/Inc -I../Drivers/STM32F4xx_HAL_Driver/Inc -I../Drivers/STM32F4xx_HAL_Driver/Inc/Legacy -I../Drivers/CMSIS/Device/ST/STM32F4xx/Include -I../Drivers/CMSIS/Include -O0 -ffunction-sections -fdata-sections -Wall -fstack-usage -fcyclomatic-complexity -MMD -MP -MF"Drivers/STM32F4xx_HAL_Driver/Src/stm32f4xx_hal_flash.d" -MT"Drivers/STM32F4xx_HAL_Driver/Src/stm32f4xx_hal_flash.o" --specs=nano.specs -mfpu=fpv4-sp-d16 -mfloat-abi=hard -mthumb -o "Drivers/STM32F4xx_HAL_Driver/Src/stm32f4xx_hal_flash.o"
arm-none-eabi-gcc "../Drivers/STM32F4xx_HAL_Driver/Src/stm32f4xx_hal_flash_ex.c" -mcpu=cortex-m4 -std=gnu11 -g3 -DDEBUG -DUSE_HAL_DRIVER -DSTM32F401xE -c -I../Core/Inc -I../Drivers/STM32F4xx_HAL_Driver/Inc -I../Drivers/STM32F4xx_HAL_Driver/Inc/Legacy -I../Drivers/CMSIS/Device/ST/STM32F4xx/Include -I../Drivers/CMSIS/Include -O0 -ffunction-sections -fdata-sections -Wall -fstack-usage -fcyclomatic-complexity -MMD -MP -MF"Drivers/STM32F4xx_HAL_Driver/Src/stm32f4xx_hal_flash_ex.d" -MT"Drivers/STM32F4xx_HAL_Driver/Src/stm32f4xx_hal_flash_ex.o" --specs=nano.specs -mfpu=fpv4-sp-d16 -mfloat-abi=hard -mthumb -o "Drivers/STM32F4xx_HAL_Driver/Src/stm32f4xx_hal_flash_ex.o"
arm-none-eabi-gcc "../Drivers/STM32F4xx_HAL_Driver/Src/stm32f4xx_hal_flash_ramfunc.c" -mcpu=cortex-m4 -std=gnu11 -g3 -DDEBUG -DUSE_HAL_DRIVER -DSTM32F401xE -c -I../Core/Inc -I../Drivers/STM32F4xx_HAL_Driver/Inc -I../Drivers/STM32F4xx_HAL_Driver/Inc/Legacy -I../Drivers/CMSIS/Device/ST/STM32F4xx/Include -I../Drivers/CMSIS/Include -O0 -ffunction-sections -fdata-sections -Wall -fstack-usage -fcyclomatic-complexity -MMD -MP -MF"Drivers/STM32F4xx_HAL_Driver/Src/stm32f4xx_hal_flash_ramfunc.d" -MT"Drivers/STM32F4xx_HAL_Driver/Src/stm32f4xx_hal_flash_ramfunc.o" --specs=nano.specs -mfpu=fpv4-sp-d16 -mfloat-abi=hard -mthumb -o "Drivers/STM32F4xx_HAL_Driver/Src/stm32f4xx_hal_flash_ramfunc.o"
arm-none-eabi-gcc "../Drivers/STM32F4xx_HAL_Driver/Src/stm32f4xx_hal_gpio.c" -mcpu=cortex-m4 -std=gnu11 -g3 -DDEBUG -DUSE_HAL_DRIVER -DSTM32F401xE -c -I../Core/Inc -I../Drivers/STM32F4xx_HAL_Driver/Inc -I../Drivers/STM32F4xx_HAL_Driver/Inc/Legacy -I../Drivers/CMSIS/Device/ST/STM32F4xx/Include -I../Drivers/CMSIS/Include -O0 -ffunction-sections -fdata-sections -Wall -fstack-usage -fcyclomatic-complexity -MMD -MP -MF"Drivers/STM32F4xx_HAL_Driver/Src/stm32f4xx_hal_gpio.d" -MT"Drivers/STM32F4xx_HAL_Driver/Src/stm32f4xx_hal_gpio.o" --specs=nano.specs -mfpu=fpv4-sp-d16 -mfloat-abi=hard -mthumb -o "Drivers/STM32F4xx_HAL_Driver/Src/stm32f4xx_hal_gpio.o"
arm-none-eabi-gcc "../Drivers/STM32F4xx_HAL_Driver/Src/stm32f4xx_hal_pwr.c" -mcpu=cortex-m4 -std=gnu11 -g3 -DDEBUG -DUSE_HAL_DRIVER -DSTM32F401xE -c -I../Core/Inc -I../Drivers/STM32F4xx_HAL_Driver/Inc -I../Drivers/STM32F4xx_HAL_Driver/Inc/Legacy -I../Drivers/CMSIS/Device/ST/STM32F4xx/Include -I../Drivers/CMSIS/Include -O0 -ffunction-sections -fdata-sections -Wall -fstack-usage -fcyclomatic-complexity -MMD -MP -MF"Drivers/STM32F4xx_HAL_Driver/Src/stm32f4xx_hal_pwr.d" -MT"Drivers/STM32F4xx_HAL_Driver/Src/stm32f4xx_hal_pwr.o" --specs=nano.specs -mfpu=fpv4-sp-d16 -mfloat-abi=hard -mthumb -o "Drivers/STM32F4xx_HAL_Driver/Src/stm32f4xx_hal_pwr.o"
arm-none-eabi-gcc "../Drivers/STM32F4xx_HAL_Driver/Src/stm32f4xx_hal_pwr_ex.c" -mcpu=cortex-m4 -std=gnu11 -g3 -DDEBUG -DUSE_HAL_DRIVER -DSTM32F401xE -c -I../Core/Inc -I../Drivers/STM32F4xx_HAL_Driver/Inc -I../Drivers/STM32F4xx_HAL_Driver/Inc/Legacy -I../Drivers/CMSIS/Device/ST/STM32F4xx/Include -I../Drivers/CMSIS/Include -O0 -ffunction-sections -fdata-sections -Wall -fstack-usage -fcyclomatic-complexity -MMD -MP -MF"Drivers/STM32F4xx_HAL_Driver/Src/stm32f4xx_hal_pwr_ex.d" -MT"Drivers/STM32F4xx_HAL_Driver/Src/stm32f4xx_hal_pwr_ex.o" --specs=nano.specs -mfpu=fpv4-sp-d16 -mfloat-abi=hard -mthumb -o "Drivers/STM32F4xx_HAL_Driver/Src/stm32f4xx_hal_pwr_ex.o"
arm-none-eabi-gcc "../Drivers/STM32F4xx_HAL_Driver/Src/stm32f4xx_hal_rcc.c" -mcpu=cortex-m4 -std=gnu11 -g3 -DDEBUG -DUSE_HAL_DRIVER -DSTM32F401xE -c -I../Core/Inc -I../Drivers/STM32F4xx_HAL_Driver/Inc -I../Drivers/STM32F4xx_HAL_Driver/Inc/Legacy -I../Drivers/CMSIS/Device/ST/STM32F4xx/Include -I../Drivers/CMSIS/Include -O0 -ffunction-sections -fdata-sections -Wall -fstack-usage -fcyclomatic-complexity -MMD -MP -MF"Drivers/STM32F4xx_HAL_Driver/Src/stm32f4xx_hal_rcc.d" -MT"Drivers/STM32F4xx_HAL_Driver/Src/stm32f4xx_hal_rcc.o" --specs=nano.specs -mfpu=fpv4-sp-d16 -mfloat-abi=hard -mthumb -o "Drivers/STM32F4xx_HAL_Driver/Src/stm32f4xx_hal_rcc.o"
arm-none-eabi-gcc "../Drivers/STM32F4xx_HAL_Driver/Src/stm32f4xx_hal_rcc_ex.c" -mcpu=cortex-m4 -std=gnu11 -g3 -DDEBUG -DUSE_HAL_DRIVER -DSTM32F401xE -c -I../Core/Inc -I../Drivers/STM32F4xx_HAL_Driver/Inc -I../Drivers/STM32F4xx_HAL_Driver/Inc/Legacy -I../Drivers/CMSIS/Device/ST/STM32F4xx/Include -I../Drivers/CMSIS/Include -O0 -ffunction-sections -fdata-sections -Wall -fstack-usage -fcyclomatic-complexity -MMD -MP -MF"Drivers/STM32F4xx_HAL_Driver/Src/stm32f4xx_hal_rcc_ex.d" -MT"Drivers/STM32F4xx_HAL_Driver/Src/stm32f4xx_hal_rcc_ex.o" --specs=nano.specs -mfpu=fpv4-sp-d16 -mfloat-abi=hard -mthumb -o "Drivers/STM32F4xx_HAL_Driver/Src/stm32f4xx_hal_rcc_ex.o"
arm-none-eabi-gcc "../Drivers/STM32F4xx_HAL_Driver/Src/stm32f4xx_hal_tim.c" -mcpu=cortex-m4 -std=gnu11 -g3 -DDEBUG -DUSE_HAL_DRIVER -DSTM32F401xE -c -I../Core/Inc -I../Drivers/STM32F4xx_HAL_Driver/Inc -I../Drivers/STM32F4xx_HAL_Driver/Inc/Legacy -I../Drivers/CMSIS/Device/ST/STM32F4xx/Include -I../Drivers/CMSIS/Include -O0 -ffunction-sections -fdata-sections -Wall -fstack-usage -fcyclomatic-complexity -MMD -MP -MF"Drivers/STM32F4xx_HAL_Driver/Src/stm32f4xx_hal_tim.d" -MT"Drivers/STM32F4xx_HAL_Driver/Src/stm32f4xx_hal_tim.o" --specs=nano.specs -mfpu=fpv4-sp-d16 -mfloat-abi=hard -mthumb -o "Drivers/STM32F4xx_HAL_Driver/Src/stm32f4xx_hal_tim.o"
arm-none-eabi-gcc "../Drivers/STM32F4xx_HAL_Driver/Src/stm32f4xx_hal_tim_ex.c" -mcpu=cortex-m4 -std=gnu11 -g3 -DDEBUG -DUSE_HAL_DRIVER -DSTM32F401xE -c -I../Core/Inc -I../Drivers/STM32F4xx_HAL_Driver/Inc -I../Drivers/STM32F4xx_HAL_Driver/Inc/Legacy -I../Drivers/CMSIS/Device/ST/STM32F4xx/Include -I../Drivers/CMSIS/Include -O0 -ffunction-sections -fdata-sections -Wall -fstack-usage -fcyclomatic-complexity -MMD -MP -MF"Drivers/STM32F4xx_HAL_Driver/Src/stm32f4xx_hal_tim_ex.d" -MT"Drivers/STM32F4xx_HAL_Driver/Src/stm32f4xx_hal_tim_ex.o" --specs=nano.specs -mfpu=fpv4-sp-d16 -mfloat-abi=hard -mthumb -o "Drivers/STM32F4xx_HAL_Driver/Src/stm32f4xx_hal_tim_ex.o"
arm-none-eabi-gcc "../Drivers/STM32F4xx_HAL_Driver/Src/stm32f4xx_hal_uart.c" -mcpu=cortex-m4 -std=gnu11 -g3 -DDEBUG -DUSE_HAL_DRIVER -DSTM32F401xE -c -I../Core/Inc -I../Drivers/STM32F4xx_HAL_Driver/Inc -I../Drivers/STM32F4xx_HAL_Driver/Inc/Legacy -I../Drivers/CMSIS/Device/ST/STM32F4xx/Include -I../Drivers/CMSIS/Include -O0 -ffunction-sections -fdata-sections -Wall -fstack-usage -fcyclomatic-complexity -MMD -MP -MF"Drivers/STM32F4xx_HAL_Driver/Src/stm32f4xx_hal_uart.d" -MT"Drivers/STM32F4xx_HAL_Driver/Src/stm32f4xx_hal_uart.o" --specs=nano.specs -mfpu=fpv4-sp-d16 -mfloat-abi=hard -mthumb -o "Drivers/STM32F4xx_HAL_Driver/Src/stm32f4xx_hal_uart.o"
arm-none-eabi-gcc -mcpu=cortex-m4 -g3 -DDEBUG -c -x assembler-with-cpp -MMD -MP -MF"Core/Startup/startup_stm32f401retx.d" -MT"Core/Startup/startup_stm32f401retx.o" --specs=nano.specs -mfpu=fpv4-sp-d16 -mfloat-abi=hard -mthumb -o "Core/Startup/startup_stm32f401retx.o" "../Core/Startup/startup_stm32f401retx.s"
arm-none-eabi-gcc -mcpu=cortex-m4 -g3 -DDEBUG -c -x assembler-with-cpp -MMD -MP -MF"Core/Src/handler.d" -MT"Core/Src/handler.o" --specs=nano.specs -mfpu=fpv4-sp-d16 -mfloat-abi=hard -mthumb -o "Core/Src/handler.o" "../Core/Src/handler.s"
arm-none-eabi-gcc "../Core/Src/k_task.c" -mcpu=cortex-m4 -std=gnu11 -g3 -DDEBUG -DUSE_HAL_DRIVER -DSTM32F401xE -c -I../Core/Inc -I../Drivers/STM32F4xx_HAL_Driver/Inc -I../Drivers/STM32F4xx_HAL_Driver/Inc/Legacy -I../Drivers/CMSIS/Device/ST/STM32F4xx/Include -I../Drivers/CMSIS/Include -O0 -ffunction-sections -fdata-sections -Wall -fstack-usage -fcyclomatic-complexity -MMD -MP -MF"Core/Src/k_task.d" -MT"Core/Src/k_task.o" --specs=nano.specs -mfpu=fpv4-sp-d16 -mfloat-abi=hard -mthumb -o "Core/Src/k_task.o"
arm-none-eabi-gcc "../Core/Src/main.c" -mcpu=cortex-m4 -std=gnu11 -g3 -DDEBUG -DUSE_HAL_DRIVER -DSTM32F401xE -c -I../Core/Inc -I../Drivers/STM32F4xx_HAL_Driver/Inc -I../Drivers/STM32F4xx_HAL_Driver/Inc/Legacy -I../Drivers/CMSIS/Device/ST/STM32F4xx/Include -I../Drivers/CMSIS/Include -O0 -ffunction-sections -fdata-sections -Wall -fstack-usage -fcyclomatic-complexity -MMD -MP -MF"Core/Src/main.d" -MT"Core/Src/main.o" --specs=nano.specs -mfpu=fpv4-sp-d16 -mfloat-abi=hard -mthumb -o "Core/Src/main.o"
arm-none-eabi-gcc "../Core/Src/stm32f4xx_hal_msp.c" -mcpu=cortex-m4 -std=gnu11 -g3 -DDEBUG -DUSE_HAL_DRIVER -DSTM32F401xE -c -I../Core/Inc -I../Drivers/STM32F4xx_HAL_Driver/Inc -I../Drivers/STM32F4xx_HAL_Driver/Inc/Legacy -I../Drivers/CMSIS/Device/ST/STM32F4xx/Include -I../Drivers/CMSIS/Include -O0 -ffunction-sections -fdata-sections -Wall -fstack-usage -fcyclomatic-complexity -MMD -MP -MF"Core/Src/stm32f4xx_hal_msp.d" -MT"Core/Src/stm32f4xx_hal_msp.o" --specs=nano.specs -mfpu=fpv4-sp-d16 -mfloat-abi=hard -mthumb -o "Core/Src/stm32f4xx_hal_msp.o"
arm-none-eabi-gcc "../Core/Src/stm32f4xx_it.c" -mcpu=cortex-m4 -std=gnu11 -g3 -DDEBUG -DUSE_HAL_DRIVER -DSTM32F401xE -c -I../Core/Inc -I../Drivers/STM32F4xx_HAL_Driver/Inc -I../Drivers/STM32F4xx_HAL_Driver/Inc/Legacy -I../Drivers/CMSIS/Device/ST/STM32F4xx/Include -I../Drivers/CMSIS/Include -O0 -ffunction-sections -fdata-sections -Wall -fstack-usage -fcyclomatic-complexity -MMD -MP -MF"Core/Src/stm32f4xx_it.d" -MT"Core/Src/stm32f4xx_it.o" --specs=nano.specs -mfpu=fpv4-sp-d16 -mfloat-abi=hard -mthumb -o "Core/Src/stm32f4xx_it.o"
arm-none-eabi-gcc "../Core/Src/syscalls.c" -mcpu=cortex-m4 -std=gnu11 -g3 -DDEBUG -DUSE_HAL_DRIVER -DSTM32F401xE -c -I../Core/Inc -I../Drivers/STM32F4xx_HAL_Driver/Inc -I../Drivers/STM32F4xx_HAL_Driver/Inc/Legacy -I../Drivers/CMSIS/Device/ST/STM32F4xx/Include -I../Drivers/CMSIS/Include -O0 -ffunction-sections -fdata-sections -Wall -fstack-usage -fcyclomatic-complexity -MMD -MP -MF"Core/Src/syscalls.d" -MT"Core/Src/syscalls.o" --specs=nano.specs -mfpu=fpv4-sp-d16 -mfloat-abi=hard -mthumb -o "Core/Src/syscalls.o"
arm-none-eabi-gcc "../Core/Src/sysmem.c" -mcpu=cortex-m4 -std=gnu11 -g3 -DDEBUG -DUSE_HAL_DRIVER -DSTM32F401xE -c -I../Core/Inc -I../Drivers/STM32F4xx_HAL_Driver/Inc -I../Drivers/STM32F4xx_HAL_Driver/Inc/Legacy -I../Drivers/CMSIS/Device/ST/STM32F4xx/Include -I../Drivers/CMSIS/Include -O0 -ffunction-sections -fdata-sections -Wall -fstack-usage -fcyclomatic-complexity -MMD -MP -MF"Core/Src/sysmem.d" -MT"Core/Src/sysmem.o" --specs=nano.specs -mfpu=fpv4-sp-d16 -mfloat-abi=hard -mthumb -o "Core/Src/sysmem.o"
../Core/Src/k_task.c: In function 'osCreateTask':
../Core/Src/k_task.c:114:53: warning: assignment to 'long unsigned int *' from 'long unsigned int' makes pointer from integer without a cast [-Wint-conversion]
  114 |                         scheduler_TCB[i].stack_high = (uint32_t)total_thread_size;
      |                                                     ^
../Core/Src/k_task.c:115:57: warning: assignment to 'long unsigned int *' from 'long unsigned int' makes pointer from integer without a cast [-Wint-conversion]
  115 |                         scheduler_TCB[i].stack_location = (uint32_t)total_thread_size;
      |                                                         ^
../Core/Src/k_task.c: In function 'osKernelStart':
../Core/Src/k_task.c:163:48: warning: statement with no effect [-Wunused-value]
  163 |                         scheduler_TCB[0].state == RUNNING;
../Core/Src/k_task.c: In function 'setStack':
../Core/Src/k_task.c:231:52: warning: assignment to 'long unsigned int *' from 'uint32_t' {aka 'long unsigned int'} makes pointer from integer without a cast [-Wint-conversion]
  231 |         scheduler_TCB[current_task].stack_location = __get_PSP(); //Update my current stack high variable
      |                                                    ^
../Core/Src/k_task.c: In function 'setStackFirst':
../Core/Src/k_task.c:244:52: warning: assignment to 'long unsigned int *' from 'uint32_t' {aka 'long unsigned int'} makes pointer from integer without a cast [-Wint-conversion]
  244 |         scheduler_TCB[current_task].stack_location = __get_PSP(); //Update my current stack high variable
      |                                                    ^
arm-none-eabi-gcc "../Core/Src/system_stm32f4xx.c" -mcpu=cortex-m4 -std=gnu11 -g3 -DDEBUG -DUSE_HAL_DRIVER -DSTM32F401xE -c -I../Core/Inc -I../Drivers/STM32F4xx_HAL_Driver/Inc -I../Drivers/STM32F4xx_HAL_Driver/Inc/Legacy -I../Drivers/CMSIS/Device/ST/STM32F4xx/Include -I../Drivers/CMSIS/Include -O0 -ffunction-sections -fdata-sections -Wall -fstack-usage -fcyclomatic-complexity -MMD -MP -MF"Core/Src/system_stm32f4xx.d" -MT"Core/Src/system_stm32f4xx.o" --specs=nano.specs -mfpu=fpv4-sp-d16 -mfloat-abi=hard -mthumb -o "Core/Src/system_stm32f4xx.o"
arm-none-eabi-gcc "../Core/Src/util.c" -mcpu=cortex-m4 -std=gnu11 -g3 -DDEBUG -DUSE_HAL_DRIVER -DSTM32F401xE -c -I../Core/Inc -I../Drivers/STM32F4xx_HAL_Driver/Inc -I../Drivers/STM32F4xx_HAL_Driver/Inc/Legacy -I../Drivers/CMSIS/Device/ST/STM32F4xx/Include -I../Drivers/CMSIS/Include -O0 -ffunction-sections -fdata-sections -Wall -fstack-usage -fcyclomatic-complexity -MMD -MP -MF"Core/Src/util.d" -MT"Core/Src/util.o" --specs=nano.specs -mfpu=fpv4-sp-d16 -mfloat-abi=hard -mthumb -o "Core/Src/util.o"
../Core/Src/util.c: In function '__io_putchar':
../Core/Src/util.c:16:35: warning: passing argument 2 of 'HAL_UART_Transmit' from incompatible pointer type [-Wincompatible-pointer-types]
   16 |         HAL_UART_Transmit(&huart2,&ch,1,HAL_MAX_DELAY);
      |                                   ^~~
      |                                   |
      |                                   int *
In file included from ../Core/Inc/stm32f4xx_hal_conf.h:411,
                 from ../Drivers/STM32F4xx_HAL_Driver/Inc/stm32f4xx_hal.h:29,
                 from ../Core/Inc/main.h:30,
                 from ../Core/Src/util.c:8:
../Drivers/STM32F4xx_HAL_Driver/Inc/stm32f4xx_hal_uart.h:722:79: note: expected 'const uint8_t *' {aka 'const unsigned char *'} but argument is of type 'int *'
  722 | HAL_StatusTypeDef HAL_UART_Transmit(UART_HandleTypeDef *huart, const uint8_t *pData, uint16_t Size, uint32_t Timeout);
      |                                                                ~~~~~~~~~~~~~~~^~~~~
arm-none-eabi-gcc -o "ece350_start.elf" @"objects.list"   -mcpu=cortex-m4 -T"D:\Tools\ece350-lab-autograde\empty_workspace\ece350_start\STM32F401RETX_FLASH.ld" --specs=nosys.specs -Wl,-Map="ece350_start.map" -Wl,--gc-sections -static --specs=nano.specs -mfpu=fpv4-sp-d16 -mfloat-abi=hard -mthumb -Wl,--start-group -lc -lm -Wl,--end-group
D:/Tools/STM32CubeIDE_1.14.1/STM32CubeIDE/plugins/com.st.stm32cube.ide.mcu.externaltools.gnu-tools-for-stm32.11.3.rel1.win32_1.1.100.202309141235/tools/bin/../lib/gcc/arm-none-eabi/11.3.1/../../../../arm-none-eabi/bin/ld.exe: ./Core/Src/stm32f4xx_it.o: in function `SVC_Handler':
D:/Tools/ece350-lab-autograde/empty_workspace/ece350_start/Debug/../Core/Src/stm32f4xx_it.c:145: multiple definition of `SVC_Handler'; ./Core/Src/handler.o:D:/Tools/ece350-lab-autograde/empty_workspace/ece350_start/Debug/../Core/Src/handler.s:24: first defined here
D:/Tools/STM32CubeIDE_1.14.1/STM32CubeIDE/plugins/com.st.stm32cube.ide.mcu.externaltools.gnu-tools-for-stm32.11.3.rel1.win32_1.1.100.202309141235/tools/bin/../lib/gcc/arm-none-eabi/11.3.1/../../../../arm-none-eabi/bin/ld.exe: ./Core/Src/stm32f4xx_it.o: in function `PendSV_Handler':
D:/Tools/ece350-lab-autograde/empty_workspace/ece350_start/Debug/../Core/Src/stm32f4xx_it.c:171: multiple definition of `PendSV_Handler'; ./Core/Src/handler.o:D:/Tools/ece350-lab-autograde/empty_workspace/ece350_start/Debug/../Core/Src/handler.s:43: first defined here
collect2.exe: error: ld returned 1 exit status
make: *** [makefile:64: ece350_start.elf] Error 1
"make -j12 all" terminated with exit code 2. Build might be incomplete.

11:52:28 Build Failed. 3 errors, 6 warnings. (took 1s.549ms)

Stm32cubeide:
Java was started but returned exit code=1
-Dosgi.requiredJavaVersion=1.8
-Dosgi.instance.area.default=@user.home/STM32CubeIDE/workspace_1.14.1
-Declipse.buildId=Version 1.14.1
-DproductMaturityGrade=mm
-Djdk.http.auth.tunneling.disabledSchemes=
-XX:+UseG1GC
-XX:+UseStringDeduplication
-Xms256m
-Xmx1024m
-Djavax.net.ssl.trustStoreType=WINDOWS-ROOT
-Djava.class.path=D:\Tools\STM32CubeIDE_1.14.1\STM32CubeIDE\\plugins/org.eclipse.equinox.launcher_1.6.500.v20230717-2134.jar
-os win32
-ws win32
-arch x86_64
-launcher D:\Tools\STM32CubeIDE_1.14.1\STM32CubeIDE\stm32cubeide.exe
-name Stm32cubeide
--launcher.library D:\Tools\STM32CubeIDE_1.14.1\STM32CubeIDE\\plugins/org.eclipse.equinox.launcher.win32.win32.x86_64_1.2.700.v20221108-1024\eclipse_11801.dll
-startup D:\Tools\STM32CubeIDE_1.14.1\STM32CubeIDE\\plugins/org.eclipse.equinox.launcher_1.6.500.v20230717-2134.jar
--launcher.overrideVmargs
-application org.eclipse.cdt.managedbuilder.core.headlessbuild
-data empty_workspace
-build ece350_start/Debug
-vm D:\Tools\STM32CubeIDE_1.14.1\STM32CubeIDE\\plugins/com.st.stm32cube.ide.jre.win64_3.1.0.202310310920/jre/bin\server\jvm.dll
-vmargs
-Dosgi.requiredJavaVersion=1.8
-Dosgi.instance.area.default=@user.home/STM32CubeIDE/workspace_1.14.1
-Declipse.buildId=Version 1.14.1
-DproductMaturityGrade=mm
-Djdk.http.auth.tunneling.disabledSchemes=
-XX:+UseG1GC
-XX:+UseStringDeduplication
-Xms256m
-Xmx1024m
-Djavax.net.ssl.trustStoreType=WINDOWS-ROOT
-Djava.class.path=D:\Tools\STM32CubeIDE_1.14.1\STM32CubeIDE\\plugins/org.eclipse.equinox.launcher_1.6.500.v20230717-2134.jar 

Verdict: Could not assess

Test 1 ===============================================

Description: 
Test1 osTaskCreate ~ calls osTaskCreate to create a task, calls osTaskInfo to inspect the TCB, also inspects the thread stack to verify the intended PC value is populated

Observed Result:
<build failed>

Verdict: Could not assess

Test 2 ===============================================

Description: 
Test2 osKernelStart ~ creates tasks and calls osKernelStart, verifies the first task is started first and other tasks follow

Observed Result:
<build failed>

Verdict: Could not assess

Test 3 ===============================================

Description: 
Test3 Round robin scheduling ~ creates & runs several tasks, looks at printfs to verify the tasks take turns executing

Observed Result:
<build failed>

Verdict: Could not assess

Test 4 ===============================================

Description: 
Test4 osTaskExit ~ creates & runs several tasks, one of which calls osTaskExit, verifies the scheduler skips it and the remaining tasks continue to take turns executing

Observed Result:
<build failed>

Verdict: Could not assess

Test 5 ===============================================

Description: 
Test5 Context switching should preserve stack contents ~ creates & runs tasks that use its stack for data storage, verifies the data can still be accessed after tasks yield & resume 

Observed Result:
<build failed>

Verdict: Could not assess

Test 6 ===============================================

Description: 
Test6 Context switching should preserve registers ~ creates & runs tasks with local variables that go into registers, verifies their values are consistent after tasks yield & resume

Observed Result:
<build failed>

Verdict: Could not assess

Test 7 ===============================================

Description: 
Test7 Supports up to 15 user tasks ~ creates and runs 15 tasks, verifies all tasks are operational

Observed Result:
<build failed>

Verdict: Could not assess

Test 8 ===============================================

Description: 
Test8 osTaskCreate returns error if all TIDs are already in use

Observed Result:
<build failed>

Verdict: Could not assess

Test 9 ===============================================

Description: 
Test9 Resources from exited task is available for reuse ~ creates maximum number of tasks, exits one and then creates another task of the same stack size, verifies new task is operational along with other tasks

Observed Result:
<build failed>

Verdict: Could not assess

Test 10 ===============================================

Description: 
Test10 osTaskCreate returns error if stack space is exhausted even if TIDs are available

Observed Result:
<build failed>

Verdict: Could not assess

Test 11 ===============================================

Description: 
Test11 Kernel robustness ~ continuously self-regenerating & exiting task

Observed Result:
<build failed>

Verdict: Could not assess

Test 12 ===============================================

Description: 
Test12 Kernel robustness ~ variable period yielding

Observed Result:
<build failed>

Verdict: Could not assess


Comments ===============================================

Build failed
========
Test Report for Repo 60

Test 1 ===============================================

Description: 
Test1 osTaskCreate ~ calls osTaskCreate to create a task, verifies task.tid is updated, calls osTaskInfo to retrieve and inspect the TCB, also inspects the thread stack to verify the intended PC value is populated

Observed Result:
---- test1 ----
FAIL: osCreateTask did not update the input TCB with a valid TID

trying with TID 1 
trying with TID 0 
Values retrieved by osTaskInfo:
ptask=0x8000dd5
stack_high=0x20017800
tid=0
state=0x1
stack_size=0x400
PASS: TCB populated correctly

Checking task stack:
stack_high=0x20017800
second element found on the stack is stack_high[-2]=0x8000dd5
expected value is &_t_test_task=0x8000dd5
PASS: stack populated correctly
<serial timeout>
<end of test>

Score: 0.666666667

Test 2 ===============================================

Description: 
Test2 osKernelStart ~ creates tasks and calls osKernelStart, verifies the first task is started first and other tasks follow

Observed Result:
---- test2 ----
PASS: kernel jumped to 1st created task
task-1
task-2
task-1
task-2
task-1
task-2
task-1
task-2
task-1
task-2
task-1
task-2
task-1
task-2
task-1
task-2
task-1
task-2
task-1
task-2
task-1
task-2
task-1
task-2
task-1
task-2
task-1
task-2
task-1
task-2
task-1
task-2
task-1
task-2
<end of test>

Score: 1

Test 3 ===============================================

Description: 
Test3 Round robin scheduling ~ creates & runs several tasks, looks at printfs to verify the tasks take turns executing

Observed Result:
---- test3 ----
task-1
task-2
task-3
task-1
task-2
task-3
task-1
task-2
task-3
task-1
task-2
task-3
task-1
task-2
task-3
task-1
task-2
task-3
task-1
task-2
task-3
task-1
task-2
task-3
task-1
task-2
task-3
task-1
task-2
task-3
task-1
task-2
task-3
task-1
<end of test>

Score: 1

Test 4 ===============================================

Description: 
Test4 osTaskExit ~ creates & runs several tasks, one of which calls osTaskExit, verifies the scheduler skips it and the remaining tasks continue to take turns executing

Observed Result:
---- test4 ----
task-1
task-2
task-3
task-1
task-2
task-3
task-1
task-2
task-3
task-1
task-2
task-3
task-1
task-2
task-3
task-1
task-3
task-1
task-3
task-1
task-3
task-1
task-3
task-1
task-3
task-1
task-3
task-1
task-3
task-1
task-3
task-1
task-3
task-1
<end of test>

Score: 1

Test 5 ===============================================

Description: 
Test5 Context switching should preserve stack contents ~ creates & runs tasks that use its stack for data storage, verifies the data can still be accessed after tasks yield & resume 

Observed Result:
---- test5 ----
task-1: hello!
task-2: world!
task-1: hello!
task-2: world!
task-1: hello!
task-2: world!
task-1: hello!
task-2: world!
task-1: hello!
task-2: world!
task-1: hello!
task-2: world!
task-1: hello!
task-2: world!
task-1: hello!
task-2: world!
task-1: hello!
task-2: world!
task-1: hello!
task-2: world!
task-1: hello!
task-2: world!
task-1: hello!
task-2: world!
task-1: hello!
task-2: world!
task-1: hello!
task-2: world!
task-1: hello!
task-2: world!
task-1: hello!
task-2: world!
task-1: hello!
task-2: world!
task-1: hello!
task-2: world!
task-1: hello!
task-2: world!
task-1: hello!
task-2: world!
task-1: hello!
task-2: world!
task-1: hello!
task-2: world!
task-1: hello!
task-2: world!
task-1: hello!
task-2: world!
task-1: hello!
task-2: world!
task-1: hello!
task-2: world!
task-1: hello!
task-2: world!
task-1: hello!
task-2: world!
task-1: hello!
task-2: world!
task-1: hello!
task-2: world!
task-1: hello!
task-2: world!
task-1: hello!
task-2: world!
task-1: hello!
task-2: world!
task-1: hello!
task-2: world!
task-1: hello!
task-2: world!
task-1: hello!
task-2: world!
task-1: hello!
task-2: world!
task-1: hello!
task-2: world!
task-1: hello!
task-2: world!
task-1: hello!
task-2: world!
task-1: hello!
task-2: world!
task-1: hello!
task-2: world!
task-1: hello!
task-2: world!
task-1: hello!
task-2: world!
task-1: hello!
task-2: world!
task-1: hello!
task-2: world!
task-1: hello!
task-2: world!
task-1: hello!
task-2: world!
task-1: hello!
task-2: world!
task-1: hello!
task-2: world!
task-1: hello!
task-2: world!
task-1: hello!
task-2: world!
task-1: hello!
task-2: world!
task-1: hello!
task-2: world!
task-1: hello!
task-2: world!
task-1: hello!
task-2: world!
task-1: hello!
task-2: world!
task-1: hello!
task-2: world!
task-1: hello!
task-2: world!
task-1: hello!
task-2: world!
task-1: hello!
task-2: world!
task-1: hello!
task-2: world!
task-1: hello!
task-2: world!
task-1: hello!
task-2: world!
task-1: hello!
task-2: world!
task-1: hello!
task-2: world!
task-1: hello!
task-2: world!
task-1: hello!
task-2: world!
task-1: hello!
task-2: world!
task-1: hello!
task-2: world!
task-1: hello!
task-2: world!
task-1: hello!
task-2: world!
task-1: hello!
task-2: world!
task-1: hello!
task-2: world!
task-1: hello!
task-2: world!
task-1: hello!
task-2: world!
task-1: hello!
task-2: world!
task-1: hello!
task-2: world!
task-1: hello!
task-2: world!
task-1: hello!
task-2: world!
task-1: hello!
task-2: world!
task-1: hello!
task-2: world!
task-1: hello!
task-2: world!
task-1: hello!
task-2: world!
task-1: hello!
task-2: world!
task-1: hello!
task-2: world!
task-1: hello!
task-2: world!
task-1: hello!
task-2: world!
task-1: hello!
task-2: world!
task-1: hello!
task-2: world!
task-1: hello!
task-2: world!
task-1: hello!
task-2: world!
task-1: hello!
task-2: world!
task-1: hello!
task-2: world!
task-1: hello!
task-2: world!
task-1: hello!
task-2: world!
task-1: hello!
task-2: world!
task-1: hello!
task-2: world!
task-1: hello!
task-2: world!
task-1: hello!
task-2: world!
<serial timeout>
<end of test>

Score: 1

Test 6 ===============================================

Description: 
Test6 Context switching should preserve registers ~ creates & runs tasks with local variables that go into registers, verifies their values are consistent after tasks yield & resume

Observed Result:
---- test6 ----
task-1: 0
task-2: 0
task-1: 1
task-2: 1
task-1: 2
task-2: 2
task-1: 3
task-2: 3
task-1: 4
task-2: 4
task-1: 5
task-2: 5
task-1: 6
task-2: 6
task-1: 7
task-2: 7
task-1: 8
task-2: 8
task-1: 9
task-2: 9
task-1: 10
task-2: 10
task-1: 11
task-2: 11
task-1: 12
task-2: 12
task-1: 13
task-2: 13
task-1: 14
task-2: 14
task-1: 15
task-2: 15
task-1: 16
task-2: 16
<end of test>

Score: 1

Test 8 ===============================================

Description: 
Test8 osTaskCreate returns error if all TIDs are already in use

Observed Result:
---- test8 ----
exhausting task slots...
PASS: created 16 tasks, which is not more than 16
<serial timeout>
<end of test>

Score: 1

Test 9 ===============================================

Description: 
Test9 Resources from exited task is available for reuse ~ creates tasks until stack space is exhausted, exits one task and then creates another task of the same stack size, verifies new task took over stack space of the exited task

Observed Result:
---- test9 ----
creating tasks with 0x800 stack size until stack space is exhausted...
created task-1
created task-2
created task-3
created task-4
created task-5
created task-6
created task-7
created task-8
created task-9
created task-10
created task-11
created task-12
created task-13
created task-14
created task-15
created task-16
osCreateTask failed (expected)
warning: created 16 of tasks, should be less than MAX_TASKS-1 if stack was exhausted first
exhausted stack space. now testing stack reuse... starting tasks...
task-1
task-2
task-3
sp of exiting task: 0x200163d0
stack_high of exiting task: 0x20016400
task exiting
task-4
creating new task
stack_high of newly created task: 0x20017400
FAIL: task stack not reused
task-5
task-6
task-7
task-8
task-9
task-10
task-11
task-12
task-13
task-14
task-15
task-16
task-17
<serial timeout>
<end of test>

Score: 0

Test 11 ===============================================

Description: 
Test11 Kernel robustness ~ continuously self-regenerating & exiting task

Observed Result:
---- test11 ----
task-1
task-1
task-1
task-1
task-1
task-1
task-1
task-1
task-1
task-1
task-1
task-1
task-1
task-1
task-1
task-1
task-1
task-1
task-1
task-1
task-1
task-1
task-1
task-1
task-1
task-1
task-1
task-1
task-1
task-1
task-1
task-1
task-1
task-1
task-1
task-1
task-1
task-1
task-1
task-1
task-1
task-1
task-1
task-1
task-1
task-1
task-1
task-1
task-1
task-1
task-1
task-1
task-1
task-1
task-1
task-1
task-1
task-1
task-1
task-1
task-1
task-1
task-1
task-1
task-1
task-1
task-1
task-1
task-1
task-1
task-1
task-1
task-1
task-1
task-1
task-1
task-1
task-1
task-1
task-1
task-1
task-1
task-1
task-1
task-1
task-1
task-1
task-1
task-1
task-1
task-1
task-1
task-1
task-1
task-1
task-1
task-1
task-1
task-1
task-1
task-1
task-1
task-1
task-1
task-1
task-1
task-1
task-1
task-1
task-1
task-1
task-1
task-1
task-1
task-1
task-1
task-1
task-1
task-1
task-1
task-1
task-1
task-1
task-1
task-1
task-1
task-1
task-1
task-1
task-1
task-1
task-1
task-1
task-1
task-1
task-1
task-1
task-1
task-1
task-1
task-1
task-1
task-1
task-1
task-1
task-1
task-1
task-1
task-1
task-1
task-1
task-1
task-1
task-1
task-1
task-1
task-1
task-1
task-1
task-1
task-1
task-1
task-1
task-1
task-1
task-1
task-1
task-1
task-1
task-1
task-1
task-1
task-1
task-1
task-1
task-1
task-1
task-1
task-1
task-1
task-1
task-1
task-1
task-1
task-1
task-1
task-1
task-1
task-1
task-1
task-1
task-1
task-1
task-1
task-1
task-1
task-1
task-1
task-1
task-1
task-1
task-1
task-1
task-1
task-1
task-1
task-1
task-1
task-1
task-1
task-1
task-1
task-1
task-1
task-1
task-1
task-1
task-1
task-1
task-1
task-1
task-1
task-1
task-1
task-1
task-1
task-1
task-1
task-1
task-1
task-1
task-1
task-1
task-1
task-1
task-1
task-1
task-1
task-1
task-1
task-1
task-1
task-1
task-1
task-1
task-1
task-1
task-1
task-1
task-1
task-1
task-1
task-1
task-1
task-1
task-1
task-1
task-1
task-1
task-1
task-1
task-1
task-1
task-1
task-1
task-1
task-1
task-1
task-1
task-1
task-1
task-1
task-1
task-1
task-1
task-1
task-1
task-1
task-1
task-1
task-1
task-1
task-1
task-1
task-1
task-1
task-1
task-1
task-1
task-1
task-1
task-1
task-1
task-1
task-1
task-1
task-1
task-1
task-1
task-1
task-1
task-1
task-1
task-1
task-1
task-1
task-1
task-1
task-1
task-1
task-1
task-1
task-1
task-1
task-1
task-1
task-1
task-1
task-1
task-1
task-1
task-1
task-1
task-1
task-1
task-1
task-1
task-1
task-1
task-1
task-1
task-1
task-1
task-1
task-1
task-1
task-1
task-1
task-1
task-1
task-1
task-1
task-1
task-1
task-1
task-1
task-1
task-1
task-1
task-1
task-1
task-1
task-1
task-1
task-1
task-1
task-1
task-1
task-1
task-1
task-1
task-1
task-1
task-1
task-1
task-1
task-1
task-1
task-1
task-1
task-1
task-1
task-1
task-1
task-1
task-1
task-1
task-1
task-1
task-1
task-1
task-1
task-1
task-1
task-1
task-1
task-1
task-1
task-1
task-1
task-1
task-1
task-1
task-1
task-1
task-1
task-1
task-1
task-1
task-1
task-1
task-1
task-1
task-1
task-1
task-1
task-1
task-1
task-1
task-1
task-1
task-1
task-1
task-1
task-1
task-1
task-1
task-1
task-1
task-1
task-1
task-1
task-1
task-1
task-1
task-1
task-1
task-1
task-1
task-1
task-1
task-1
task-1
task-1
task-1
task-1
task-1
task-1
task-1
task-1
task-1
task-1
task-1
task-1
task-1
task-1
task-1
task-1
task-1
task-1
task-1
task-1
task-1
task-1
task-1
task-1
task-1
task-1
task-1
task-1
task-1
task-1
task-1
task-1
task-1
task-1
task-1
task-1
task-1
task-1
task-1
task-1
task-1
task-1
task-1
task-1
task-1
task-1
task-1
task-1
task-1
task-1
task-1
task-1
task-1
task-1
task-1
task-1
task-1
task-1
task-1
task-1
task-1
task-1
task-1
task-1
task-1
task-1
task-1
task-1
task-1
task-1
task-1
task-1
task-1
task-1
task-1
task-1
task-1
task-1
task-1
task-1
task-1
task-1
task-1
task-1
task-1
task-1
task-1
task-1
task-1
task-1
task-1
task-1
task-1
task-1
task-1
task-1
task-1
task-1
task-1
task-1
task-1
task-1
task-1
task-1
task-1
<end of test>

Score: 1

Test 12 ===============================================

Description: 
Test12 Kernel robustness ~ variable period yielding

Observed Result:
---- test12 ----
task-1
task-2
task-3
task-1
task-2
task-2
task-3
task-3
task-3
task-1
task-2
task-2
task-3
task-3
task-3
task-1
task-2
task-2
task-3
task-3
task-3
task-1
task-2
task-2
task-3
task-3
task-3
task-1
task-2
task-2
task-3
task-3
task-3
task-1
<end of test>

Score: 1


Comments ===============================================


>>>>>>>> 26543545156cd8dd83643573528a78b458d3cac2:Project_Report_group60.txt
